Traceback (most recent call last):
  File "/home/dmitri/.local/lib/python3.11/site-packages/jupyter_cache/executors/utils.py", line 58, in single_nb_execution
    executenb(
  File "/home/dmitri/.local/lib/python3.11/site-packages/nbclient/client.py", line 1305, in execute
    return NotebookClient(nb=nb, resources=resources, km=km, **kwargs).execute()
           ^^^^^^^^^^^^^^^^^^^^^^^^^^^^^^^^^^^^^^^^^^^^^^^^^^^^^^^^^^^^^^^^^^^^^
  File "/usr/lib/python3.11/site-packages/jupyter_core/utils/__init__.py", line 166, in wrapped
    return loop.run_until_complete(inner)
           ^^^^^^^^^^^^^^^^^^^^^^^^^^^^^^
  File "/usr/lib/python3.11/asyncio/base_events.py", line 653, in run_until_complete
    return future.result()
           ^^^^^^^^^^^^^^^
  File "/home/dmitri/.local/lib/python3.11/site-packages/nbclient/client.py", line 705, in async_execute
    await self.async_execute_cell(
  File "/home/dmitri/.local/lib/python3.11/site-packages/nbclient/client.py", line 1058, in async_execute_cell
    await self._check_raise_for_error(cell, cell_index, exec_reply)
  File "/home/dmitri/.local/lib/python3.11/site-packages/nbclient/client.py", line 914, in _check_raise_for_error
    raise CellExecutionError.from_cell_and_msg(cell, exec_reply_content)
nbclient.exceptions.CellExecutionError: An error occurred while executing the following cell:
------------------
theta_A = 0.2
theta_B = 0.5
theta_C = 0.7

print("Prob. A: " round(theta_A**12 * (1-theta_A)**8 / (theta_A**12 * (1-theta_A)**8 + theta_B**12 * (1-theta_B)**8 + theta_C**12 * (1-theta_C)**8), 4))
print("Prob. B: " round(theta_B**12 * (1-theta_B)**8 / (theta_A**12 * (1-theta_A)**8 + theta_B**12 * (1-theta_B)**8 + theta_C**12 * (1-theta_C)**8), 4))
print("Prob. C: " round(theta_C**12 * (1-theta_C)**8 / (theta_A**12 * (1-theta_A)**8 + theta_B**12 * (1-theta_B)**8 + theta_C**12 * (1-theta_C)**8), 4))
------------------


[0;36m  Cell [0;32mIn[12], line 5[0;36m[0m
[0;31m    print("Prob. A: " round(theta_A**12 * (1-theta_A)**8 / (theta_A**12 * (1-theta_A)**8 + theta_B**12 * (1-theta_B)**8 + theta_C**12 * (1-theta_C)**8), 4))[0m
[0m          ^[0m
[0;31mSyntaxError[0m[0;31m:[0m invalid syntax. Perhaps you forgot a comma?


